<?xml version="1.0" encoding="UTF-8"?>
<!-- Generated by org.testng.reporters.JUnitReportReporter -->
<testsuite hostname="LAPTOP-F534TMA6" failures="0" tests="4" name="testCases.DashboardPageTest" time="31.009" errors="0" timestamp="11 Nov 2024 14:32:41 GMT" skipped="0">
  <testcase classname="testCases.DashboardPageTest" name="addFirstProductTest" time="9.292"/>
  <testcase classname="testCases.DashboardPageTest" name="addSecondProductTest" time="8.751"/>
  <testcase classname="testCases.DashboardPageTest" name="addThirdProductTest" time="10.585"/>
  <testcase classname="testCases.DashboardPageTest" name="goToCartPageTest" time="2.381"/>
</testsuite> <!-- testCases.DashboardPageTest -->
